<?xml version="1.0" encoding="UTF-8"?>
<testng-results ignored="0" total="1" passed="1" failed="0" skipped="0">
  <reporter-output>
  </reporter-output>
  <suite started-at="2025-10-13T14:11:25 IST" name="Suite" finished-at="2025-10-13T14:11:30 IST" duration-ms="5339">
    <groups>
    </groups>
    <test started-at="2025-10-13T14:11:25 IST" name="Test" finished-at="2025-10-13T14:11:30 IST" duration-ms="5339">
      <class name="com.demo.testcase">
        <test-method signature="launch()[pri:0, instance:com.demo.testcase@37e547da]" started-at="2025-10-13T14:11:25 IST" name="launch" finished-at="2025-10-13T14:11:30 IST" duration-ms="5293" status="PASS">
          <reporter-output>
          </reporter-output>
        </test-method> <!-- launch -->
      </class> <!-- com.demo.testcase -->
    </test> <!-- Test -->
  </suite> <!-- Suite -->
</testng-results>
