<?xml version="1.0" encoding="UTF-8"?>
<testng-results ignored="0" total="1" passed="1" failed="0" skipped="0">
  <reporter-output>
  </reporter-output>
  <suite started-at="2025-10-15T14:17:43 IST" name="Suite" finished-at="2025-10-15T14:17:51 IST" duration-ms="8924">
    <groups>
    </groups>
    <test started-at="2025-10-15T14:17:43 IST" name="Test" finished-at="2025-10-15T14:17:51 IST" duration-ms="8924">
      <class name="com.demo.testcase">
        <test-method signature="launch()[pri:0, instance:com.demo.testcase@3e3047e6]" started-at="2025-10-15T14:17:43 IST" name="launch" finished-at="2025-10-15T14:17:51 IST" duration-ms="8880" status="PASS">
          <reporter-output>
          </reporter-output>
        </test-method> <!-- launch -->
      </class> <!-- com.demo.testcase -->
    </test> <!-- Test -->
  </suite> <!-- Suite -->
</testng-results>
